[2025-10-07T01:09:22.7162735-04:00] World log initialized.
[2025-10-07T01:09:22.7185565-04:00] GameBootstrap.Awake()
[2025-10-07T01:18:05.1015700-04:00] World log initialized.
[2025-10-07T01:18:05.1035742-04:00] GameBootstrap.Awake()
[2025-10-07T01:18:05.1790810-04:00] Loaded item 'bread_loaf' (stackSize=12).
[2025-10-07T01:18:05.1790810-04:00] Loaded item 'flower_bouquet' (stackSize=8).
[2025-10-07T01:18:05.1790810-04:00] Loaded item 'turnip' (stackSize=20).
[2025-10-07T01:18:05.1790810-04:00] Loaded item 'strawberry' (stackSize=20).
[2025-10-07T01:18:05.1790810-04:00] Loaded item 'sungrain' (stackSize=30).
[2025-10-07T01:18:05.1790810-04:00] Loaded item 'lavender' (stackSize=24).
[2025-10-07T01:18:05.1790810-04:00] Loaded item 'turnip_seed' (stackSize=50).
[2025-10-07T01:18:05.1810072-04:00] Loaded item 'strawberry_seed' (stackSize=50).
[2025-10-07T01:18:05.1810072-04:00] Loaded item 'sungrain_seed' (stackSize=50).
[2025-10-07T01:18:05.1810072-04:00] Loaded item 'lavender_seed' (stackSize=50).
[2025-10-07T01:18:05.1820119-04:00] Loaded item 'animal_feed' (stackSize=40).
[2025-10-07T01:18:05.1820119-04:00] Loaded item 'milk_jug' (stackSize=12).
[2025-10-07T01:18:05.1820119-04:00] Loaded item 'egg' (stackSize=24).
[2025-10-07T01:18:05.1820119-04:00] Loaded item 'wool_bundle' (stackSize=16).
[2025-10-07T01:18:05.1830119-04:00] Loaded item 'river_bait' (stackSize=50).
[2025-10-07T01:18:05.1830119-04:00] Loaded item 'silver_perch' (stackSize=20).
[2025-10-07T01:18:05.1830119-04:00] Loaded item 'sunset_salmon' (stackSize=20).
[2025-10-07T01:18:05.1840109-04:00] Loaded item 'wild_berry' (stackSize=30).
[2025-10-07T01:18:05.1840109-04:00] Loaded item 'forest_mushroom' (stackSize=24).
[2025-10-07T01:18:05.1840109-04:00] Loaded item 'frost_lichen' (stackSize=20).
[2025-10-07T01:18:05.1840109-04:00] Loaded item 'sea_shell' (stackSize=16).
[2025-10-07T01:18:05.1850103-04:00] Loaded item 'driftwood_bundle' (stackSize=20).
[2025-10-07T01:18:05.1850103-04:00] Loaded item 'basic_pickaxe' (stackSize=1).
[2025-10-07T01:18:05.1850103-04:00] Loaded item 'copper_pickaxe' (stackSize=1).
[2025-10-07T01:18:05.1860119-04:00] Loaded item 'iron_pickaxe' (stackSize=1).
[2025-10-07T01:18:05.1860119-04:00] Loaded item 'basic_fishing_rod' (stackSize=1).
[2025-10-07T01:18:05.1865166-04:00] Loaded item 'reinforced_fishing_rod' (stackSize=1).
[2025-10-07T01:18:05.1865166-04:00] Loaded item 'ocean_fishing_rod' (stackSize=1).
[2025-10-07T01:18:05.1865166-04:00] Loaded item 'copper_ore' (stackSize=40).
[2025-10-07T01:18:05.1865166-04:00] Loaded item 'iron_ore' (stackSize=40).
[2025-10-07T01:18:05.1875208-04:00] Loaded item 'coal_chunk' (stackSize=40).
[2025-10-07T01:18:05.1875208-04:00] Loaded item 'forest_salad' (stackSize=12).
[2025-10-07T01:18:05.1875208-04:00] Loaded item 'sungrain_flour' (stackSize=20).
[2025-10-07T01:18:05.1875208-04:00] Loaded item 'lavender_oil' (stackSize=16).
[2025-10-07T01:18:05.1875208-04:00] Loaded 34 items from Assets/Data/goap/items.json.
[2025-10-07T01:18:05.2915088-04:00] Season changed to Spring.
[2025-10-07T01:18:05.2930189-04:00] Day 1 of Spring has begun.
[2025-10-07T01:18:05.3549257-04:00] LoadWorld() begin.
[2025-10-07T01:18:05.3806861-04:00] Pantry cfh-01-pantry-1 capacity=12 stackLimit=20.
[2025-10-07T01:18:05.3827888-04:00] Pantry cfh-01-pantry-1 added 4x bread_loaf (total=4).
[2025-10-07T01:18:05.3827888-04:00] Pantry cfh-01-pantry-1 added 3x turnip (total=3).
[2025-10-07T01:18:05.3827888-04:00] Pantry cfh-01-pantry-1 added 2x strawberry (total=2).
[2025-10-07T01:18:05.3837920-04:00] Pantry cfh-01-pantry-1 added 3x sungrain (total=3).
[2025-10-07T01:18:05.3837920-04:00] Pantry cfh-02-pantry-1 capacity=12 stackLimit=20.
[2025-10-07T01:18:05.3837920-04:00] Pantry cfh-03-pantry-1 capacity=12 stackLimit=20.
[2025-10-07T01:18:05.3837920-04:00] Pantry cfh-04-pantry-1 capacity=12 stackLimit=20.
[2025-10-07T01:18:05.3837920-04:00] Pantry cfh-05-pantry-1 capacity=12 stackLimit=20.
[2025-10-07T01:18:05.3852969-04:00] Pantry cfh-06-pantry-1 capacity=12 stackLimit=20.
[2025-10-07T01:18:05.3852969-04:00] Pantry cfh-07-pantry-1 capacity=12 stackLimit=20.
[2025-10-07T01:18:05.3852969-04:00] Pantry cfh-08-pantry-1 capacity=12 stackLimit=20.
[2025-10-07T01:18:05.3852969-04:00] Pantry cfh-09-pantry-1 capacity=12 stackLimit=20.
[2025-10-07T01:18:05.3863016-04:00] Pantry cfh-10-pantry-1 capacity=12 stackLimit=20.
[2025-10-07T01:18:05.3863016-04:00] Pantry cfh-11-pantry-1 capacity=12 stackLimit=20.
[2025-10-07T01:18:05.3863016-04:00] Pantry cfh-12-pantry-1 capacity=12 stackLimit=20.
[2025-10-07T01:18:05.3863016-04:00] Pantry fh-01-large_pantry-1 capacity=18 stackLimit=20.
[2025-10-07T01:18:05.3873021-04:00] Pantry fh-02-large_pantry-1 capacity=18 stackLimit=20.
[2025-10-07T01:18:05.3873021-04:00] Pantry fh-03-large_pantry-1 capacity=18 stackLimit=20.
[2025-10-07T01:18:05.3873021-04:00] Pantry fh-04-large_pantry-1 capacity=18 stackLimit=20.
[2025-10-07T01:18:05.3883013-04:00] Pantry fh-05-large_pantry-1 capacity=18 stackLimit=20.
[2025-10-07T01:18:05.3883013-04:00] Pantry fh-06-large_pantry-1 capacity=18 stackLimit=20.
[2025-10-07T01:18:05.3883013-04:00] Pantry fh-07-large_pantry-1 capacity=18 stackLimit=20.
[2025-10-07T01:18:05.3883013-04:00] Pantry fh-08-large_pantry-1 capacity=18 stackLimit=20.
[2025-10-07T01:18:05.3893946-04:00] Pantry bakery-pantry-1 capacity=12 stackLimit=20.
[2025-10-07T01:19:20.8136330-04:00] Computed path to cfh-01-pantry-1 with 973 steps.
[2025-10-07T01:19:20.8166439-04:00] Inventory UI bound to cfh-01-pantry-1
[2025-10-07T01:19:40.3306761-04:00] Spawned 20 households from data.
[2025-10-07T01:19:40.3316761-04:00] Spawned 9 job sites from data.
[2025-10-07T01:19:40.3336716-04:00] Spawned 4 points of interest from data.
[2025-10-07T01:21:03.7090277-04:00] Day 2 of Spring has begun.
[2025-10-07T01:21:28.3627408-04:00] Day 3 of Spring has begun.
[2025-10-07T01:21:52.3710835-04:00] Day 4 of Spring has begun.
[2025-10-07T01:22:26.9170197-04:00] World log initialized.
[2025-10-07T01:22:26.9190287-04:00] GameBootstrap.Awake()
[2025-10-07T01:22:26.9885188-04:00] Loaded item 'bread_loaf' (stackSize=12).
[2025-10-07T01:22:26.9890305-04:00] Loaded item 'flower_bouquet' (stackSize=8).
[2025-10-07T01:22:26.9890305-04:00] Loaded item 'turnip' (stackSize=20).
[2025-10-07T01:22:26.9895447-04:00] Loaded item 'strawberry' (stackSize=20).
[2025-10-07T01:22:26.9900549-04:00] Loaded item 'sungrain' (stackSize=30).
[2025-10-07T01:22:26.9900549-04:00] Loaded item 'lavender' (stackSize=24).
[2025-10-07T01:22:26.9900549-04:00] Loaded item 'turnip_seed' (stackSize=50).
[2025-10-07T01:22:26.9900549-04:00] Loaded item 'strawberry_seed' (stackSize=50).
[2025-10-07T01:22:26.9910597-04:00] Loaded item 'sungrain_seed' (stackSize=50).
[2025-10-07T01:22:26.9910597-04:00] Loaded item 'lavender_seed' (stackSize=50).
[2025-10-07T01:22:26.9910597-04:00] Loaded item 'animal_feed' (stackSize=40).
[2025-10-07T01:22:26.9910597-04:00] Loaded item 'milk_jug' (stackSize=12).
[2025-10-07T01:22:26.9920595-04:00] Loaded item 'egg' (stackSize=24).
[2025-10-07T01:22:26.9920595-04:00] Loaded item 'wool_bundle' (stackSize=16).
[2025-10-07T01:22:26.9920595-04:00] Loaded item 'river_bait' (stackSize=50).
[2025-10-07T01:22:26.9920595-04:00] Loaded item 'silver_perch' (stackSize=20).
[2025-10-07T01:22:26.9930596-04:00] Loaded item 'sunset_salmon' (stackSize=20).
[2025-10-07T01:22:26.9930596-04:00] Loaded item 'wild_berry' (stackSize=30).
[2025-10-07T01:22:26.9930596-04:00] Loaded item 'forest_mushroom' (stackSize=24).
[2025-10-07T01:22:26.9930596-04:00] Loaded item 'frost_lichen' (stackSize=20).
[2025-10-07T01:22:26.9940594-04:00] Loaded item 'sea_shell' (stackSize=16).
[2025-10-07T01:22:26.9940594-04:00] Loaded item 'driftwood_bundle' (stackSize=20).
[2025-10-07T01:22:26.9940594-04:00] Loaded item 'basic_pickaxe' (stackSize=1).
[2025-10-07T01:22:26.9940594-04:00] Loaded item 'copper_pickaxe' (stackSize=1).
[2025-10-07T01:22:26.9950596-04:00] Loaded item 'iron_pickaxe' (stackSize=1).
[2025-10-07T01:22:26.9950596-04:00] Loaded item 'basic_fishing_rod' (stackSize=1).
[2025-10-07T01:22:26.9955629-04:00] Loaded item 'reinforced_fishing_rod' (stackSize=1).
[2025-10-07T01:22:26.9955629-04:00] Loaded item 'ocean_fishing_rod' (stackSize=1).
[2025-10-07T01:22:26.9955629-04:00] Loaded item 'copper_ore' (stackSize=40).
[2025-10-07T01:22:26.9955629-04:00] Loaded item 'iron_ore' (stackSize=40).
[2025-10-07T01:22:26.9965676-04:00] Loaded item 'coal_chunk' (stackSize=40).
[2025-10-07T01:22:26.9965676-04:00] Loaded item 'forest_salad' (stackSize=12).
[2025-10-07T01:22:26.9965676-04:00] Loaded item 'sungrain_flour' (stackSize=20).
[2025-10-07T01:22:26.9965676-04:00] Loaded item 'lavender_oil' (stackSize=16).
[2025-10-07T01:22:26.9975672-04:00] Loaded 34 items from Assets/Data/goap/items.json.
[2025-10-07T01:22:27.0916781-04:00] Season changed to Spring.
[2025-10-07T01:22:27.0916781-04:00] Day 1 of Spring has begun.
[2025-10-07T01:22:27.1316542-04:00] LoadWorld() begin.
[2025-10-07T01:22:27.1561859-04:00] Pantry cfh-01-pantry-1 capacity=12 stackLimit=20.
[2025-10-07T01:22:27.1585507-04:00] Pantry cfh-01-pantry-1 added 4x bread_loaf (total=4).
[2025-10-07T01:22:27.1585507-04:00] Pantry cfh-01-pantry-1 added 3x turnip (total=3).
[2025-10-07T01:22:27.1590662-04:00] Pantry cfh-01-pantry-1 added 2x strawberry (total=2).
[2025-10-07T01:22:27.1590662-04:00] Pantry cfh-01-pantry-1 added 3x sungrain (total=3).
[2025-10-07T01:22:27.1595787-04:00] Pantry cfh-02-pantry-1 capacity=12 stackLimit=20.
[2025-10-07T01:22:27.1595787-04:00] Pantry cfh-03-pantry-1 capacity=12 stackLimit=20.
[2025-10-07T01:22:27.1602724-04:00] Pantry cfh-04-pantry-1 capacity=12 stackLimit=20.
[2025-10-07T01:22:27.1605831-04:00] Pantry cfh-05-pantry-1 capacity=12 stackLimit=20.
[2025-10-07T01:22:27.1605831-04:00] Pantry cfh-06-pantry-1 capacity=12 stackLimit=20.
[2025-10-07T01:22:27.1605831-04:00] Pantry cfh-07-pantry-1 capacity=12 stackLimit=20.
[2025-10-07T01:22:27.1605831-04:00] Pantry cfh-08-pantry-1 capacity=12 stackLimit=20.
[2025-10-07T01:22:27.1615832-04:00] Pantry cfh-09-pantry-1 capacity=12 stackLimit=20.
[2025-10-07T01:22:27.1615832-04:00] Pantry cfh-10-pantry-1 capacity=12 stackLimit=20.
[2025-10-07T01:22:27.1615832-04:00] Pantry cfh-11-pantry-1 capacity=12 stackLimit=20.
[2025-10-07T01:22:27.1615832-04:00] Pantry cfh-12-pantry-1 capacity=12 stackLimit=20.
[2025-10-07T01:22:27.1625830-04:00] Pantry fh-01-large_pantry-1 capacity=18 stackLimit=20.
[2025-10-07T01:22:27.1625830-04:00] Pantry fh-02-large_pantry-1 capacity=18 stackLimit=20.
[2025-10-07T01:22:27.1625830-04:00] Pantry fh-03-large_pantry-1 capacity=18 stackLimit=20.
[2025-10-07T01:22:27.1635834-04:00] Pantry fh-04-large_pantry-1 capacity=18 stackLimit=20.
[2025-10-07T01:22:27.1635834-04:00] Pantry fh-05-large_pantry-1 capacity=18 stackLimit=20.
[2025-10-07T01:22:27.1635834-04:00] Pantry fh-06-large_pantry-1 capacity=18 stackLimit=20.
[2025-10-07T01:22:27.1645824-04:00] Pantry fh-07-large_pantry-1 capacity=18 stackLimit=20.
[2025-10-07T01:22:27.1645824-04:00] Pantry fh-08-large_pantry-1 capacity=18 stackLimit=20.
[2025-10-07T01:22:27.1645824-04:00] Pantry bakery-pantry-1 capacity=12 stackLimit=20.
[2025-10-07T01:23:38.5597624-04:00] Computed path to cfh-01-pantry-1 with 973 steps.
[2025-10-07T01:23:38.5641299-04:00] Inventory UI bound to cfh-01-pantry-1
[2025-10-07T01:23:57.8735410-04:00] Spawned 20 households from data.
[2025-10-07T01:23:57.8745413-04:00] Spawned 9 job sites from data.
[2025-10-07T01:23:57.8770564-04:00] Spawned 4 points of interest from data.
[2025-10-07T01:24:22.2345799-04:00] World log initialized.
[2025-10-07T01:24:22.2355719-04:00] GameBootstrap.Awake()
[2025-10-07T01:24:22.3070386-04:00] Loaded item 'bread_loaf' (stackSize=12).
[2025-10-07T01:24:22.3070386-04:00] Loaded item 'flower_bouquet' (stackSize=8).
[2025-10-07T01:24:22.3070386-04:00] Loaded item 'turnip' (stackSize=20).
[2025-10-07T01:24:22.3080420-04:00] Loaded item 'strawberry' (stackSize=20).
[2025-10-07T01:24:22.3080420-04:00] Loaded item 'sungrain' (stackSize=30).
[2025-10-07T01:24:22.3085444-04:00] Loaded item 'lavender' (stackSize=24).
[2025-10-07T01:24:22.3085444-04:00] Loaded item 'turnip_seed' (stackSize=50).
[2025-10-07T01:24:22.3085444-04:00] Loaded item 'strawberry_seed' (stackSize=50).
[2025-10-07T01:24:22.3085444-04:00] Loaded item 'sungrain_seed' (stackSize=50).
[2025-10-07T01:24:22.3095483-04:00] Loaded item 'lavender_seed' (stackSize=50).
[2025-10-07T01:24:22.3095483-04:00] Loaded item 'animal_feed' (stackSize=40).
[2025-10-07T01:24:22.3095483-04:00] Loaded item 'milk_jug' (stackSize=12).
[2025-10-07T01:24:22.3105479-04:00] Loaded item 'egg' (stackSize=24).
[2025-10-07T01:24:22.3105479-04:00] Loaded item 'wool_bundle' (stackSize=16).
[2025-10-07T01:24:22.3105479-04:00] Loaded item 'river_bait' (stackSize=50).
[2025-10-07T01:24:22.3105479-04:00] Loaded item 'silver_perch' (stackSize=20).
[2025-10-07T01:24:22.3115493-04:00] Loaded item 'sunset_salmon' (stackSize=20).
[2025-10-07T01:24:22.3115493-04:00] Loaded item 'wild_berry' (stackSize=30).
[2025-10-07T01:24:22.3115493-04:00] Loaded item 'forest_mushroom' (stackSize=24).
[2025-10-07T01:24:22.3115493-04:00] Loaded item 'frost_lichen' (stackSize=20).
[2025-10-07T01:24:22.3115493-04:00] Loaded item 'sea_shell' (stackSize=16).
[2025-10-07T01:24:22.3115493-04:00] Loaded item 'driftwood_bundle' (stackSize=20).
[2025-10-07T01:24:22.3130528-04:00] Loaded item 'basic_pickaxe' (stackSize=1).
[2025-10-07T01:24:22.3130528-04:00] Loaded item 'copper_pickaxe' (stackSize=1).
[2025-10-07T01:24:22.3130528-04:00] Loaded item 'iron_pickaxe' (stackSize=1).
[2025-10-07T01:24:22.3130528-04:00] Loaded item 'basic_fishing_rod' (stackSize=1).
[2025-10-07T01:24:22.3140574-04:00] Loaded item 'reinforced_fishing_rod' (stackSize=1).
[2025-10-07T01:24:22.3140574-04:00] Loaded item 'ocean_fishing_rod' (stackSize=1).
[2025-10-07T01:24:22.3140574-04:00] Loaded item 'copper_ore' (stackSize=40).
[2025-10-07T01:24:22.3140574-04:00] Loaded item 'iron_ore' (stackSize=40).
[2025-10-07T01:24:22.3150568-04:00] Loaded item 'coal_chunk' (stackSize=40).
[2025-10-07T01:24:22.3150568-04:00] Loaded item 'forest_salad' (stackSize=12).
[2025-10-07T01:24:22.3150568-04:00] Loaded item 'sungrain_flour' (stackSize=20).
[2025-10-07T01:24:22.3150568-04:00] Loaded item 'lavender_oil' (stackSize=16).
[2025-10-07T01:24:22.3150568-04:00] Loaded 34 items from Assets/Data/goap/items.json.
[2025-10-07T01:24:22.4107547-04:00] Season changed to Spring.
[2025-10-07T01:24:22.4107547-04:00] Day 1 of Spring has begun.
[2025-10-07T01:24:22.4509634-04:00] LoadWorld() begin.
[2025-10-07T01:24:22.4753054-04:00] Pantry cfh-01-pantry-1 capacity=12 stackLimit=20.
[2025-10-07T01:24:22.4768181-04:00] Pantry cfh-01-pantry-1 added 4x bread_loaf (total=4).
[2025-10-07T01:24:22.4768181-04:00] Pantry cfh-01-pantry-1 added 3x turnip (total=3).
[2025-10-07T01:24:22.4768181-04:00] Pantry cfh-01-pantry-1 added 2x strawberry (total=2).
[2025-10-07T01:24:22.4768181-04:00] Pantry cfh-01-pantry-1 added 3x sungrain (total=3).
[2025-10-07T01:24:22.4778221-04:00] Pantry cfh-02-pantry-1 capacity=12 stackLimit=20.
[2025-10-07T01:24:22.4778221-04:00] Pantry cfh-03-pantry-1 capacity=12 stackLimit=20.
[2025-10-07T01:24:22.4778221-04:00] Pantry cfh-04-pantry-1 capacity=12 stackLimit=20.
[2025-10-07T01:24:22.4788222-04:00] Pantry cfh-05-pantry-1 capacity=12 stackLimit=20.
[2025-10-07T01:24:22.4788222-04:00] Pantry cfh-06-pantry-1 capacity=12 stackLimit=20.
[2025-10-07T01:24:22.4788222-04:00] Pantry cfh-07-pantry-1 capacity=12 stackLimit=20.
[2025-10-07T01:24:22.4788222-04:00] Pantry cfh-08-pantry-1 capacity=12 stackLimit=20.
[2025-10-07T01:24:22.4788222-04:00] Pantry cfh-09-pantry-1 capacity=12 stackLimit=20.
[2025-10-07T01:24:22.4800570-04:00] Pantry cfh-10-pantry-1 capacity=12 stackLimit=20.
[2025-10-07T01:24:22.4800570-04:00] Pantry cfh-11-pantry-1 capacity=12 stackLimit=20.
[2025-10-07T01:24:22.4805727-04:00] Pantry cfh-12-pantry-1 capacity=12 stackLimit=20.
[2025-10-07T01:24:22.4805727-04:00] Pantry fh-01-large_pantry-1 capacity=18 stackLimit=20.
[2025-10-07T01:24:22.4805727-04:00] Pantry fh-02-large_pantry-1 capacity=18 stackLimit=20.
[2025-10-07T01:24:22.4805727-04:00] Pantry fh-03-large_pantry-1 capacity=18 stackLimit=20.
[2025-10-07T01:24:22.4805727-04:00] Pantry fh-04-large_pantry-1 capacity=18 stackLimit=20.
[2025-10-07T01:24:22.4820500-04:00] Pantry fh-05-large_pantry-1 capacity=18 stackLimit=20.
[2025-10-07T01:24:22.4820500-04:00] Pantry fh-06-large_pantry-1 capacity=18 stackLimit=20.
[2025-10-07T01:24:22.4820500-04:00] Pantry fh-07-large_pantry-1 capacity=18 stackLimit=20.
[2025-10-07T01:24:22.4820500-04:00] Pantry fh-08-large_pantry-1 capacity=18 stackLimit=20.
[2025-10-07T01:24:22.4831412-04:00] Pantry bakery-pantry-1 capacity=12 stackLimit=20.
[2025-10-07T01:25:38.5929481-04:00] Computed path to cfh-01-pantry-1 with 973 steps.
[2025-10-07T01:25:38.5967835-04:00] Inventory UI bound to cfh-01-pantry-1
[2025-10-07T01:25:57.9852757-04:00] Spawned 20 households from data.
[2025-10-07T01:25:57.9867823-04:00] Spawned 9 job sites from data.
[2025-10-07T01:25:57.9883756-04:00] Spawned 4 points of interest from data.
[2025-10-07T01:57:21.1408992-04:00] World log initialized.
[2025-10-07T01:57:21.1439117-04:00] GameBootstrap.Awake()
[2025-10-07T01:57:21.2160693-04:00] Loaded item 'bread_loaf' (stackSize=12).
[2025-10-07T01:57:21.2160693-04:00] Loaded item 'flower_bouquet' (stackSize=8).
[2025-10-07T01:57:21.2160693-04:00] Loaded item 'turnip' (stackSize=20).
[2025-10-07T01:57:21.2170698-04:00] Loaded item 'strawberry' (stackSize=20).
[2025-10-07T01:57:21.2170698-04:00] Loaded item 'sungrain' (stackSize=30).
[2025-10-07T01:57:21.2170698-04:00] Loaded item 'lavender' (stackSize=24).
[2025-10-07T01:57:21.2180708-04:00] Loaded item 'turnip_seed' (stackSize=50).
[2025-10-07T01:57:21.2180708-04:00] Loaded item 'strawberry_seed' (stackSize=50).
[2025-10-07T01:57:21.2180708-04:00] Loaded item 'sungrain_seed' (stackSize=50).
[2025-10-07T01:57:21.2180708-04:00] Loaded item 'lavender_seed' (stackSize=50).
[2025-10-07T01:57:21.2190706-04:00] Loaded item 'animal_feed' (stackSize=40).
[2025-10-07T01:57:21.2190706-04:00] Loaded item 'milk_jug' (stackSize=12).
[2025-10-07T01:57:21.2190706-04:00] Loaded item 'egg' (stackSize=24).
[2025-10-07T01:57:21.2200701-04:00] Loaded item 'wool_bundle' (stackSize=16).
[2025-10-07T01:57:21.2200701-04:00] Loaded item 'river_bait' (stackSize=50).
[2025-10-07T01:57:21.2200701-04:00] Loaded item 'silver_perch' (stackSize=20).
[2025-10-07T01:57:21.2205729-04:00] Loaded item 'sunset_salmon' (stackSize=20).
[2025-10-07T01:57:21.2205729-04:00] Loaded item 'wild_berry' (stackSize=30).
[2025-10-07T01:57:21.2205729-04:00] Loaded item 'forest_mushroom' (stackSize=24).
[2025-10-07T01:57:21.2205729-04:00] Loaded item 'frost_lichen' (stackSize=20).
[2025-10-07T01:57:21.2205729-04:00] Loaded item 'sea_shell' (stackSize=16).
[2025-10-07T01:57:21.2205729-04:00] Loaded item 'driftwood_bundle' (stackSize=20).
[2025-10-07T01:57:21.2220770-04:00] Loaded item 'basic_pickaxe' (stackSize=1).
[2025-10-07T01:57:21.2220770-04:00] Loaded item 'copper_pickaxe' (stackSize=1).
[2025-10-07T01:57:21.2220770-04:00] Loaded item 'iron_pickaxe' (stackSize=1).
[2025-10-07T01:57:21.2230813-04:00] Loaded item 'basic_fishing_rod' (stackSize=1).
[2025-10-07T01:57:21.2230813-04:00] Loaded item 'reinforced_fishing_rod' (stackSize=1).
[2025-10-07T01:57:21.2235847-04:00] Loaded item 'ocean_fishing_rod' (stackSize=1).
[2025-10-07T01:57:21.2235847-04:00] Loaded item 'copper_ore' (stackSize=40).
[2025-10-07T01:57:21.2235847-04:00] Loaded item 'iron_ore' (stackSize=40).
[2025-10-07T01:57:21.2235847-04:00] Loaded item 'coal_chunk' (stackSize=40).
[2025-10-07T01:57:21.2245873-04:00] Loaded item 'forest_salad' (stackSize=12).
[2025-10-07T01:57:21.2245873-04:00] Loaded item 'sungrain_flour' (stackSize=20).
[2025-10-07T01:57:21.2245873-04:00] Loaded item 'lavender_oil' (stackSize=16).
[2025-10-07T01:57:21.2245873-04:00] Loaded 34 items from Assets/Data/demo.items.json.
[2025-10-07T01:57:21.3490201-04:00] Season changed to Spring.
[2025-10-07T01:57:21.3490201-04:00] Day 1 of Spring has begun.
[2025-10-07T01:57:21.3941757-04:00] LoadWorld() begin.
[2025-10-07T01:57:21.4200955-04:00] Pantry cfh-01-pantry-1 capacity=12 stackLimit=20.
[2025-10-07T01:57:21.4220950-04:00] Pantry cfh-01-pantry-1 added 4x bread_loaf (total=4).
[2025-10-07T01:57:21.4220950-04:00] Pantry cfh-01-pantry-1 added 3x turnip (total=3).
[2025-10-07T01:57:21.4220950-04:00] Pantry cfh-01-pantry-1 added 2x strawberry (total=2).
[2025-10-07T01:57:21.4220950-04:00] Pantry cfh-01-pantry-1 added 3x sungrain (total=3).
[2025-10-07T01:57:21.4220950-04:00] Pantry cfh-02-pantry-1 capacity=12 stackLimit=20.
[2025-10-07T01:57:21.4235238-04:00] Pantry cfh-03-pantry-1 capacity=12 stackLimit=20.
[2025-10-07T01:57:21.4235238-04:00] Pantry cfh-04-pantry-1 capacity=12 stackLimit=20.
[2025-10-07T01:57:21.4235238-04:00] Pantry cfh-05-pantry-1 capacity=12 stackLimit=20.
[2025-10-07T01:57:21.4245284-04:00] Pantry cfh-06-pantry-1 capacity=12 stackLimit=20.
[2025-10-07T01:57:21.4255278-04:00] Pantry cfh-07-pantry-1 capacity=12 stackLimit=20.
[2025-10-07T01:57:21.4265277-04:00] Pantry cfh-08-pantry-1 capacity=12 stackLimit=20.
[2025-10-07T01:57:21.4265277-04:00] Pantry cfh-09-pantry-1 capacity=12 stackLimit=20.
[2025-10-07T01:57:21.4265277-04:00] Pantry cfh-10-pantry-1 capacity=12 stackLimit=20.
[2025-10-07T01:57:21.4275282-04:00] Pantry cfh-11-pantry-1 capacity=12 stackLimit=20.
[2025-10-07T01:57:21.4275282-04:00] Pantry cfh-12-pantry-1 capacity=12 stackLimit=20.
[2025-10-07T01:57:21.4275282-04:00] Pantry fh-01-large_pantry-1 capacity=18 stackLimit=20.
[2025-10-07T01:57:21.4275282-04:00] Pantry fh-02-large_pantry-1 capacity=18 stackLimit=20.
[2025-10-07T01:57:21.4285276-04:00] Pantry fh-03-large_pantry-1 capacity=18 stackLimit=20.
[2025-10-07T01:57:21.4290315-04:00] Pantry fh-04-large_pantry-1 capacity=18 stackLimit=20.
[2025-10-07T01:57:21.4290315-04:00] Pantry fh-05-large_pantry-1 capacity=18 stackLimit=20.
[2025-10-07T01:57:21.4300357-04:00] Pantry fh-06-large_pantry-1 capacity=18 stackLimit=20.
[2025-10-07T01:57:21.4300357-04:00] Pantry fh-07-large_pantry-1 capacity=18 stackLimit=20.
[2025-10-07T01:57:21.4300357-04:00] Pantry fh-08-large_pantry-1 capacity=18 stackLimit=20.
[2025-10-07T01:57:21.4300357-04:00] Pantry bakery-pantry-1 capacity=12 stackLimit=20.
[2025-10-07T01:58:35.6379533-04:00] Computed path to cfh-01-pantry-1 with 973 steps.
[2025-10-07T01:58:35.6399538-04:00] Inventory UI bound to cfh-01-pantry-1
[2025-10-07T01:58:55.4130793-04:00] Spawned 20 households from data.
[2025-10-07T01:58:55.4135824-04:00] Spawned 9 job sites from data.
[2025-10-07T01:58:55.4165639-04:00] Spawned 4 points of interest from data.
[2025-10-07T01:59:28.1729739-04:00] Day 2 of Spring has begun.
[2025-10-07T02:00:26.5729749-04:00] Day 3 of Spring has begun.
[2025-10-07T09:45:21.9238119-04:00] World log initialized.
[2025-10-07T09:45:21.9243150-04:00] GameBootstrap.Awake()
[2025-10-07T09:45:22.0066867-04:00] Loaded item 'bread_loaf' (stackSize=12).
[2025-10-07T09:45:22.0076925-04:00] Loaded item 'flower_bouquet' (stackSize=8).
[2025-10-07T09:45:22.0076925-04:00] Loaded item 'turnip' (stackSize=20).
[2025-10-07T09:45:22.0076925-04:00] Loaded item 'strawberry' (stackSize=20).
[2025-10-07T09:45:22.0076925-04:00] Loaded item 'sungrain' (stackSize=30).
[2025-10-07T09:45:22.0086921-04:00] Loaded item 'lavender' (stackSize=24).
[2025-10-07T09:45:22.0086921-04:00] Loaded item 'turnip_seed' (stackSize=50).
[2025-10-07T09:45:22.0091957-04:00] Loaded item 'strawberry_seed' (stackSize=50).
[2025-10-07T09:45:22.0091957-04:00] Loaded item 'sungrain_seed' (stackSize=50).
[2025-10-07T09:45:22.0091957-04:00] Loaded item 'lavender_seed' (stackSize=50).
[2025-10-07T09:45:22.0102002-04:00] Loaded item 'animal_feed' (stackSize=40).
[2025-10-07T09:45:22.0102002-04:00] Loaded item 'milk_jug' (stackSize=12).
[2025-10-07T09:45:22.0102002-04:00] Loaded item 'egg' (stackSize=24).
[2025-10-07T09:45:22.0102002-04:00] Loaded item 'wool_bundle' (stackSize=16).
[2025-10-07T09:45:22.0111995-04:00] Loaded item 'river_bait' (stackSize=50).
[2025-10-07T09:45:22.0111995-04:00] Loaded item 'silver_perch' (stackSize=20).
[2025-10-07T09:45:22.0111995-04:00] Loaded item 'sunset_salmon' (stackSize=20).
[2025-10-07T09:45:22.0111995-04:00] Loaded item 'wild_berry' (stackSize=30).
[2025-10-07T09:45:22.0111995-04:00] Loaded item 'forest_mushroom' (stackSize=24).
[2025-10-07T09:45:22.0121996-04:00] Loaded item 'frost_lichen' (stackSize=20).
[2025-10-07T09:45:22.0121996-04:00] Loaded item 'sea_shell' (stackSize=16).
[2025-10-07T09:45:22.0121996-04:00] Loaded item 'driftwood_bundle' (stackSize=20).
[2025-10-07T09:45:22.0121996-04:00] Loaded item 'basic_pickaxe' (stackSize=1).
[2025-10-07T09:45:22.0121996-04:00] Loaded item 'copper_pickaxe' (stackSize=1).
[2025-10-07T09:45:22.0137038-04:00] Loaded item 'iron_pickaxe' (stackSize=1).
[2025-10-07T09:45:22.0137038-04:00] Loaded item 'basic_fishing_rod' (stackSize=1).
[2025-10-07T09:45:22.0137038-04:00] Loaded item 'reinforced_fishing_rod' (stackSize=1).
[2025-10-07T09:45:22.0137038-04:00] Loaded item 'ocean_fishing_rod' (stackSize=1).
[2025-10-07T09:45:22.0137038-04:00] Loaded item 'copper_ore' (stackSize=40).
[2025-10-07T09:45:22.0147085-04:00] Loaded item 'iron_ore' (stackSize=40).
[2025-10-07T09:45:22.0147085-04:00] Loaded item 'coal_chunk' (stackSize=40).
[2025-10-07T09:45:22.0147085-04:00] Loaded item 'forest_salad' (stackSize=12).
[2025-10-07T09:45:22.0147085-04:00] Loaded item 'sungrain_flour' (stackSize=20).
[2025-10-07T09:45:22.0147085-04:00] Loaded item 'lavender_oil' (stackSize=16).
[2025-10-07T09:45:22.0147085-04:00] Loaded 34 items from Assets/Data/demo.items.json.
[2025-10-07T09:45:23.5477944-04:00] Season changed to Spring.
[2025-10-07T09:45:23.5487938-04:00] Day 1 of Spring has begun.
[2025-10-07T09:45:23.5918403-04:00] LoadWorld() begin.
[2025-10-07T09:45:23.6169728-04:00] Pantry cfh-01-pantry-1 capacity=12 stackLimit=20.
[2025-10-07T09:45:23.6275475-04:00] Pantry cfh-01-pantry-1 added 4x bread_loaf (total=4).
[2025-10-07T09:45:23.6282700-04:00] Pantry cfh-01-pantry-1 added 3x turnip (total=3).
[2025-10-07T09:45:23.6282700-04:00] Pantry cfh-01-pantry-1 added 2x strawberry (total=2).
[2025-10-07T09:45:23.6282700-04:00] Pantry cfh-01-pantry-1 added 3x sungrain (total=3).
[2025-10-07T09:45:23.6292748-04:00] Pantry cfh-02-pantry-1 capacity=12 stackLimit=20.
[2025-10-07T09:45:23.6292748-04:00] Pantry cfh-03-pantry-1 capacity=12 stackLimit=20.
[2025-10-07T09:45:23.6297776-04:00] Pantry cfh-04-pantry-1 capacity=12 stackLimit=20.
[2025-10-07T09:45:23.6297776-04:00] Pantry cfh-05-pantry-1 capacity=12 stackLimit=20.
[2025-10-07T09:45:23.6297776-04:00] Pantry cfh-06-pantry-1 capacity=12 stackLimit=20.
[2025-10-07T09:45:23.6297776-04:00] Pantry cfh-07-pantry-1 capacity=12 stackLimit=20.
[2025-10-07T09:45:23.6307808-04:00] Pantry cfh-08-pantry-1 capacity=12 stackLimit=20.
[2025-10-07T09:45:23.6307808-04:00] Pantry cfh-09-pantry-1 capacity=12 stackLimit=20.
[2025-10-07T09:45:23.6307808-04:00] Pantry cfh-10-pantry-1 capacity=12 stackLimit=20.
[2025-10-07T09:45:23.6307808-04:00] Pantry cfh-11-pantry-1 capacity=12 stackLimit=20.
[2025-10-07T09:45:23.6317812-04:00] Pantry cfh-12-pantry-1 capacity=12 stackLimit=20.
[2025-10-07T09:45:23.6317812-04:00] Pantry fh-01-large_pantry-1 capacity=18 stackLimit=20.
[2025-10-07T09:45:23.6317812-04:00] Pantry fh-02-large_pantry-1 capacity=18 stackLimit=20.
[2025-10-07T09:45:23.6317812-04:00] Pantry fh-03-large_pantry-1 capacity=18 stackLimit=20.
[2025-10-07T09:45:23.6327821-04:00] Pantry fh-04-large_pantry-1 capacity=18 stackLimit=20.
[2025-10-07T09:45:23.6327821-04:00] Pantry fh-05-large_pantry-1 capacity=18 stackLimit=20.
[2025-10-07T09:45:23.6327821-04:00] Pantry fh-06-large_pantry-1 capacity=18 stackLimit=20.
[2025-10-07T09:45:23.6327821-04:00] Pantry fh-07-large_pantry-1 capacity=18 stackLimit=20.
[2025-10-07T09:45:23.6327821-04:00] Pantry fh-08-large_pantry-1 capacity=18 stackLimit=20.
[2025-10-07T09:45:23.6327821-04:00] Pantry bakery-pantry-1 capacity=12 stackLimit=20.
[2025-10-07T09:46:37.2588182-04:00] Computed path to cfh-01-pantry-1 with 973 steps.
[2025-10-07T09:46:37.2792113-04:00] Inventory UI bound to cfh-01-pantry-1
[2025-10-07T09:47:00.2738162-04:00] Spawned 20 households from data.
[2025-10-07T09:47:00.2748164-04:00] Spawned 9 job sites from data.
[2025-10-07T09:47:00.2773325-04:00] Spawned 4 points of interest from data.
